Vivado Simulator v2023.1
Copyright 1986-2022 Xilinx, Inc. All Rights Reserved.
Copyright 2022-2023 Advanced Micro Devices, Inc. All Rights Reserved.
Running: /opt/Xilinx/Vivado/2023.1/bin/unwrapped/lnx64.o/xelab --incr --debug typical --relax --mt 8 -L xil_defaultlib -L secureip --snapshot i2c_tb_behav xil_defaultlib.i2c_tb -log elaborate.log 
Using 8 slave threads.
Starting static elaboration
Completed static elaboration
Starting simulation data flow analysis
Completed simulation data flow analysis
Time Resolution for simulation is 1ps
Compiling package std.standard
Compiling package std.textio
Compiling package ieee.std_logic_1164
Compiling package ieee.numeric_std
Compiling architecture structural of entity xil_defaultlib.i2c_master_bit_ctrl [i2c_master_bit_ctrl_default]
Compiling architecture structural of entity xil_defaultlib.i2c_master_byte_ctrl [i2c_master_byte_ctrl_default]
Compiling architecture structural of entity xil_defaultlib.i2c_master_top [i2c_master_top_default]
Compiling architecture behavioral of entity xil_defaultlib.audio_codec_config [audio_codec_config_default]
Compiling architecture behavioral of entity xil_defaultlib.i2c_tb
Built simulation snapshot i2c_tb_behav
